****                   ADMIXTURE Version 1.3.0                  ****
****                    Copyright 2008-2015                     ****
****           David Alexander, Suyash Shringarpure,            ****
****                John  Novembre, Ken Lange                   ****
****                                                            ****
****                 Please cite our paper!                     ****
****   Information at www.genetics.ucla.edu/software/admixture  ****

Parallel execution requested.  Will use 15 threads.
Cross-validation will be performed.  Folds=10.
Random seed: 43
Point estimation method: Block relaxation algorithm
Convergence acceleration algorithm: QuasiNewton, 3 secant conditions
Point estimation will terminate when objective function delta < 0.0001
Estimation of standard errors disabled; will compute point estimates only.
Size of G: 28x416407
Performing five EM steps to prime main algorithm
1 (EM) 	Elapsed: 0.919	Loglikelihood: -8.38863e+06	(delta): 1.44737e+07
2 (EM) 	Elapsed: 0.907	Loglikelihood: -8.38863e+06	(delta): -1.86265e-09
3 (EM) 	Elapsed: 0.818	Loglikelihood: -8.38863e+06	(delta): 0
4 (EM) 	Elapsed: 0.832	Loglikelihood: -8.38863e+06	(delta): 1.86265e-09
5 (EM) 	Elapsed: 0.804	Loglikelihood: -8.38863e+06	(delta): 0
Initial loglikelihood: -8.38863e+06
Starting main algorithm
1 (QN/Block) 	Elapsed: 1.459	Loglikelihood: -8.38863e+06	(delta): 1.86265e-09
Summary: 
Converged in 1 iterations (5.844 sec)
Loglikelihood: -8388633.736033
CV error (K=1): 0.66982
Writing output files.
