****                   ADMIXTURE Version 1.3.0                  ****
****                    Copyright 2008-2015                     ****
****           David Alexander, Suyash Shringarpure,            ****
****                John  Novembre, Ken Lange                   ****
****                                                            ****
****                 Please cite our paper!                     ****
****   Information at www.genetics.ucla.edu/software/admixture  ****

Parallel execution requested.  Will use 15 threads.
Cross-validation will be performed.  Folds=10.
Random seed: 43
Point estimation method: Block relaxation algorithm
Convergence acceleration algorithm: QuasiNewton, 3 secant conditions
Point estimation will terminate when objective function delta < 0.0001
Estimation of standard errors disabled; will compute point estimates only.
Size of G: 28x416407
Performing five EM steps to prime main algorithm
1 (EM) 	Elapsed: 0.99	Loglikelihood: -8.54795e+06	(delta): 9.63792e+06
2 (EM) 	Elapsed: 0.986	Loglikelihood: -8.00888e+06	(delta): 539064
3 (EM) 	Elapsed: 0.967	Loglikelihood: -7.63585e+06	(delta): 373028
4 (EM) 	Elapsed: 0.983	Loglikelihood: -7.25488e+06	(delta): 380970
5 (EM) 	Elapsed: 0.928	Loglikelihood: -6.89835e+06	(delta): 356530
Initial loglikelihood: -6.89835e+06
Starting main algorithm
1 (QN/Block) 	Elapsed: 2.76	Loglikelihood: -6.19079e+06	(delta): 707564
2 (QN/Block) 	Elapsed: 2.771	Loglikelihood: -5.74709e+06	(delta): 443696
3 (QN/Block) 	Elapsed: 2.878	Loglikelihood: -5.48576e+06	(delta): 261338
4 (QN/Block) 	Elapsed: 2.918	Loglikelihood: -5.35628e+06	(delta): 129473
5 (QN/Block) 	Elapsed: 2.969	Loglikelihood: -5.29309e+06	(delta): 63194.6
6 (QN/Block) 	Elapsed: 2.948	Loglikelihood: -5.28476e+06	(delta): 8332.29
7 (QN/Block) 	Elapsed: 2.989	Loglikelihood: -5.28428e+06	(delta): 477.095
8 (QN/Block) 	Elapsed: 2.872	Loglikelihood: -5.28417e+06	(delta): 114.519
9 (QN/Block) 	Elapsed: 3.047	Loglikelihood: -5.2841e+06	(delta): 63.6948
10 (QN/Block) 	Elapsed: 3.026	Loglikelihood: -5.28407e+06	(delta): 29.2394
11 (QN/Block) 	Elapsed: 3.002	Loglikelihood: -5.28406e+06	(delta): 9.9298
12 (QN/Block) 	Elapsed: 2.973	Loglikelihood: -5.28406e+06	(delta): 6.32343
13 (QN/Block) 	Elapsed: 3	Loglikelihood: -5.28406e+06	(delta): 0.17954
14 (QN/Block) 	Elapsed: 2.945	Loglikelihood: -5.28405e+06	(delta): 2.77275
15 (QN/Block) 	Elapsed: 2.917	Loglikelihood: -5.28405e+06	(delta): 8.3819e-09
Summary: 
Converged in 15 iterations (49.224 sec)
Loglikelihood: -5284053.005744
Fst divergences between estimated populations: 
	Pop0	Pop1	
Pop0	
Pop1	0.226	
Pop2	0.439	0.439	
CV error (K=3): 0.49243
Writing output files.
