****                   ADMIXTURE Version 1.3.0                  ****
****                    Copyright 2008-2015                     ****
****           David Alexander, Suyash Shringarpure,            ****
****                John  Novembre, Ken Lange                   ****
****                                                            ****
****                 Please cite our paper!                     ****
****   Information at www.genetics.ucla.edu/software/admixture  ****

Parallel execution requested.  Will use 15 threads.
Cross-validation will be performed.  Folds=10.
Random seed: 43
Point estimation method: Block relaxation algorithm
Convergence acceleration algorithm: QuasiNewton, 3 secant conditions
Point estimation will terminate when objective function delta < 0.0001
Estimation of standard errors disabled; will compute point estimates only.
Size of G: 28x416407
Performing five EM steps to prime main algorithm
1 (EM) 	Elapsed: 0.859	Loglikelihood: -8.54254e+06	(delta): 1.09958e+07
2 (EM) 	Elapsed: 0.853	Loglikelihood: -8.08047e+06	(delta): 462063
3 (EM) 	Elapsed: 0.807	Loglikelihood: -7.7838e+06	(delta): 296674
4 (EM) 	Elapsed: 0.883	Loglikelihood: -7.47493e+06	(delta): 308865
5 (EM) 	Elapsed: 0.864	Loglikelihood: -7.13586e+06	(delta): 339079
Initial loglikelihood: -7.13586e+06
Starting main algorithm
1 (QN/Block) 	Elapsed: 2.373	Loglikelihood: -6.29456e+06	(delta): 841294
2 (QN/Block) 	Elapsed: 2.3	Loglikelihood: -6.02621e+06	(delta): 268353
3 (QN/Block) 	Elapsed: 2.526	Loglikelihood: -5.83448e+06	(delta): 191731
4 (QN/Block) 	Elapsed: 2.557	Loglikelihood: -5.74595e+06	(delta): 88530.4
5 (QN/Block) 	Elapsed: 2.512	Loglikelihood: -5.70426e+06	(delta): 41688.4
6 (QN/Block) 	Elapsed: 2.464	Loglikelihood: -5.69712e+06	(delta): 7134.9
7 (QN/Block) 	Elapsed: 2.525	Loglikelihood: -5.69653e+06	(delta): 594.107
8 (QN/Block) 	Elapsed: 2.62	Loglikelihood: -5.69636e+06	(delta): 173.856
9 (QN/Block) 	Elapsed: 2.505	Loglikelihood: -5.69629e+06	(delta): 69.0813
10 (QN/Block) 	Elapsed: 2.545	Loglikelihood: -5.69624e+06	(delta): 44.2183
11 (QN/Block) 	Elapsed: 2.566	Loglikelihood: -5.69623e+06	(delta): 15.6102
12 (QN/Block) 	Elapsed: 2.59	Loglikelihood: -5.69622e+06	(delta): 4.93906
13 (QN/Block) 	Elapsed: 2.512	Loglikelihood: -5.69622e+06	(delta): 2.62436
14 (QN/Block) 	Elapsed: 2.567	Loglikelihood: -5.69622e+06	(delta): 0.11774
15 (QN/Block) 	Elapsed: 2.576	Loglikelihood: -5.69622e+06	(delta): 2.01166e-06
Summary: 
Converged in 15 iterations (42.305 sec)
Loglikelihood: -5696219.691073
Fst divergences between estimated populations: 
	Pop0	
Pop0	
Pop1	0.402	
CV error (K=2): 0.48754
Writing output files.
