****                   ADMIXTURE Version 1.3.0                  ****
****                    Copyright 2008-2015                     ****
****           David Alexander, Suyash Shringarpure,            ****
****                John  Novembre, Ken Lange                   ****
****                                                            ****
****                 Please cite our paper!                     ****
****   Information at www.genetics.ucla.edu/software/admixture  ****

Parallel execution requested.  Will use 15 threads.
Cross-validation will be performed.  Folds=10.
Random seed: 43
Point estimation method: Block relaxation algorithm
Convergence acceleration algorithm: QuasiNewton, 3 secant conditions
Point estimation will terminate when objective function delta < 0.0001
Estimation of standard errors disabled; will compute point estimates only.
Size of G: 28x416407
Performing five EM steps to prime main algorithm
1 (EM) 	Elapsed: 3.847	Loglikelihood: -8.56731e+06	(delta): 8.21414e+06
2 (EM) 	Elapsed: 3.793	Loglikelihood: -8.11061e+06	(delta): 456697
3 (EM) 	Elapsed: 3.56	Loglikelihood: -7.863e+06	(delta): 247613
4 (EM) 	Elapsed: 3.995	Loglikelihood: -7.61307e+06	(delta): 249923
5 (EM) 	Elapsed: 3.659	Loglikelihood: -7.35359e+06	(delta): 259479
Initial loglikelihood: -7.35359e+06
Starting main algorithm
1 (QN/Block) 	Elapsed: 6.342	Loglikelihood: -5.43817e+06	(delta): 1.91542e+06
2 (QN/Block) 	Elapsed: 6.41	Loglikelihood: -4.9902e+06	(delta): 447970
3 (QN/Block) 	Elapsed: 6.719	Loglikelihood: -4.77576e+06	(delta): 214441
4 (QN/Block) 	Elapsed: 7.473	Loglikelihood: -4.6724e+06	(delta): 103357
5 (QN/Block) 	Elapsed: 7.884	Loglikelihood: -4.62814e+06	(delta): 44267
6 (QN/Block) 	Elapsed: 6.699	Loglikelihood: -4.59687e+06	(delta): 31270.4
7 (QN/Block) 	Elapsed: 6.966	Loglikelihood: -4.58604e+06	(delta): 10828.5
8 (QN/Block) 	Elapsed: 6.858	Loglikelihood: -4.58282e+06	(delta): 3217.59
9 (QN/Block) 	Elapsed: 6.816	Loglikelihood: -4.58178e+06	(delta): 1042.28
10 (QN/Block) 	Elapsed: 6.471	Loglikelihood: -4.58147e+06	(delta): 305.566
11 (QN/Block) 	Elapsed: 6.632	Loglikelihood: -4.58142e+06	(delta): 58.6907
12 (QN/Block) 	Elapsed: 6.947	Loglikelihood: -4.5814e+06	(delta): 12.9286
13 (QN/Block) 	Elapsed: 7.104	Loglikelihood: -4.5814e+06	(delta): 6.38047
14 (QN/Block) 	Elapsed: 6.915	Loglikelihood: -4.58139e+06	(delta): 7.46581
15 (QN/Block) 	Elapsed: 6.754	Loglikelihood: -4.58139e+06	(delta): 0.0683242
16 (QN/Block) 	Elapsed: 6.927	Loglikelihood: -4.58139e+06	(delta): -0.992507
17 (QN/Block) 	Elapsed: 7.067	Loglikelihood: -4.58139e+06	(delta): -0.00288101
18 (QN/Block) 	Elapsed: 6.762	Loglikelihood: -4.58139e+06	(delta): 0.0028557
19 (QN/Block) 	Elapsed: 7.054	Loglikelihood: -4.58139e+06	(delta): -0.0211548
20 (QN/Block) 	Elapsed: 6.934	Loglikelihood: -4.58139e+06	(delta): 0.0207641
21 (QN/Block) 	Elapsed: 6.863	Loglikelihood: -4.58139e+06	(delta): -1.00723e-05
22 (QN/Block) 	Elapsed: 6.714	Loglikelihood: -4.58139e+06	(delta): 0.000419093
23 (QN/Block) 	Elapsed: 6.65	Loglikelihood: -4.58139e+06	(delta): -9.31323e-10
24 (QN/Block) 	Elapsed: 6.484	Loglikelihood: -4.58139e+06	(delta): 9.31323e-10
Summary: 
Converged in 24 iterations (184.409 sec)
Loglikelihood: -4581389.158528
Fst divergences between estimated populations: 
	Pop0	Pop1	Pop2	Pop3	Pop4	Pop5	Pop6	
Pop0	
Pop1	0.497	
Pop2	0.150	0.478	
Pop3	0.523	0.304	0.503	
Pop4	0.136	0.478	0.123	0.503	
Pop5	0.487	0.252	0.468	0.166	0.468	
Pop6	0.203	0.523	0.184	0.547	0.174	0.512	
Pop7	0.497	0.140	0.478	0.308	0.477	0.257	0.523	
CV error (K=8): 0.86366
Writing output files.
